# JRE version: Java(TM) SE Runtime Environment (20.0.2+9) (build 20.0.2+9-78)
# Java VM: Java HotSpot(TM) 64-Bit Server VM (20.0.2+9-78, mixed mode, sharing, tiered, compressed oops, compressed class ptrs, g1 gc, windows-amd64)
GC Precious Log:
 CardTable entry size: 512
 Card Set container configuration: InlinePtr #cards 5 size 8 Array Of Cards #cards 12 size 40 Howl #buckets 4 coarsen threshold 1843 Howl Bitmap #cards 512 size 80 coarsen threshold 460 Card regions per heap region 1 cards per card region 2048
 CPUs: 8 total, 8 available
 Memory: 8014M
 Large Page Support: Disabled
 NUMA Support: Disabled
 Compressed Oops: Enabled (32-bit)
 Heap Region Size: 1M
 Heap Min Capacity: 8M
 Heap Initial Capacity: 126M
 Heap Max Capacity: 2004M
 Pre-touch: Disabled
 Parallel Workers: 8
 Concurrent Workers: 2
 Concurrent Refinement Workers: 8
 Periodic GC: Disabled
Heap:
 garbage-first heap   total 284672K, used 223744K [0x0000000082c00000, 0x0000000100000000)
  region size 1024K, 67 young (68608K), 9 survivors (9216K)
 Metaspace       used 19202K, committed 19520K, reserved 1114112K
  class space    used 2764K, committed 2880K, reserved 1048576K
GC Heap History (20 events):
Event: 3.017 GC heap after
{Heap after GC invocations=2 (full 0):
 garbage-first heap   total 129024K, used 9710K [0x0000000082c00000, 0x0000000100000000)
  region size 1024K, 5 young (5120K), 5 survivors (5120K)
 Metaspace       used 14686K, committed 14976K, reserved 1114112K
  class space    used 2235K, committed 2368K, reserved 1048576K
}
Event: 16.142 GC heap before
{Heap before GC invocations=2 (full 0):
 garbage-first heap   total 129024K, used 71150K [0x0000000082c00000, 0x0000000100000000)
  region size 1024K, 59 young (60416K), 5 survivors (5120K)
 Metaspace       used 19166K, committed 19456K, reserved 1114112K
  class space    used 2762K, committed 2880K, reserved 1048576K
}
Event: 16.151 GC heap after
{Heap after GC invocations=3 (full 0):
 garbage-first heap   total 129024K, used 26488K [0x0000000082c00000, 0x0000000100000000)
  region size 1024K, 8 young (8192K), 8 survivors (8192K)
 Metaspace       used 19166K, committed 19456K, reserved 1114112K
  class space    used 2762K, committed 2880K, reserved 1048576K
}
Event: 16.233 GC heap before
{Heap before GC invocations=3 (full 0):
 garbage-first heap   total 129024K, used 93048K [0x0000000082c00000, 0x0000000100000000)
  region size 1024K, 73 young (74752K), 8 survivors (8192K)
 Metaspace       used 19179K, committed 19520K, reserved 1114112K
  class space    used 2764K, committed 2880K, reserved 1048576K
}
Event: 16.249 GC heap after
{Heap after GC invocations=4 (full 0):
 garbage-first heap   total 129024K, used 38912K [0x0000000082c00000, 0x0000000100000000)
  region size 1024K, 10 young (10240K), 10 survivors (10240K)
 Metaspace       used 19179K, committed 19520K, reserved 1114112K
  class space    used 2764K, committed 2880K, reserved 1048576K
}
Event: 16.296 GC heap before
{Heap before GC invocations=4 (full 0):
 garbage-first heap   total 129024K, used 95232K [0x0000000082c00000, 0x0000000100000000)
  region size 1024K, 65 young (66560K), 10 survivors (10240K)
 Metaspace       used 19179K, committed 19520K, reserved 1114112K
  class space    used 2764K, committed 2880K, reserved 1048576K
}
Event: 16.305 GC heap after
{Heap after GC invocations=5 (full 0):
 garbage-first heap   total 129024K, used 49809K [0x0000000082c00000, 0x0000000100000000)
  region size 1024K, 9 young (9216K), 9 survivors (9216K)
 Metaspace       used 19179K, committed 19520K, reserved 1114112K
  class space    used 2764K, committed 2880K, reserved 1048576K
}
Event: 16.355 GC heap before
{Heap before GC invocations=5 (full 0):
 garbage-first heap   total 129024K, used 101009K [0x0000000082c00000, 0x0000000100000000)
  region size 1024K, 59 young (60416K), 9 survivors (9216K)
 Metaspace       used 19179K, committed 19520K, reserved 1114112K
  class space    used 2764K, committed 2880K, reserved 1048576K
}
Event: 16.362 GC heap after
{Heap after GC invocations=6 (full 0):
 garbage-first heap   total 129024K, used 59339K [0x0000000082c00000, 0x0000000100000000)
  region size 1024K, 8 young (8192K), 8 survivors (8192K)
 Metaspace       used 19179K, committed 19520K, reserved 1114112K
  class space    used 2764K, committed 2880K, reserved 1048576K
}
Event: 16.404 GC heap before
{Heap before GC invocations=6 (full 0):
 garbage-first heap   total 129024K, used 106443K [0x0000000082c00000, 0x0000000100000000)
  region size 1024K, 54 young (55296K), 8 survivors (8192K)
 Metaspace       used 19179K, committed 19520K, reserved 1114112K
  class space    used 2764K, committed 2880K, reserved 1048576K
}
Event: 16.410 GC heap after
{Heap after GC invocations=7 (full 0):
 garbage-first heap   total 129024K, used 69263K [0x0000000082c00000, 0x0000000100000000)
  region size 1024K, 7 young (7168K), 7 survivors (7168K)
 Metaspace       used 19179K, committed 19520K, reserved 1114112K
  class space    used 2764K, committed 2880K, reserved 1048576K
}
Event: 16.442 GC heap before
{Heap before GC invocations=7 (full 0):
 garbage-first heap   total 129024K, used 110223K [0x0000000082c00000, 0x0000000100000000)
  region size 1024K, 47 young (48128K), 7 survivors (7168K)
 Metaspace       used 19183K, committed 19520K, reserved 1114112K
  class space    used 2764K, committed 2880K, reserved 1048576K
}
Event: 16.449 GC heap after
{Heap after GC invocations=8 (full 0):
 garbage-first heap   total 269312K, used 77109K [0x0000000082c00000, 0x0000000100000000)
  region size 1024K, 6 young (6144K), 6 survivors (6144K)
 Metaspace       used 19183K, committed 19520K, reserved 1114112K
  class space    used 2764K, committed 2880K, reserved 1048576K
}
Event: 16.626 GC heap before
{Heap before GC invocations=9 (full 0):
 garbage-first heap   total 269312K, used 210229K [0x0000000082c00000, 0x0000000100000000)
  region size 1024K, 138 young (141312K), 6 survivors (6144K)
 Metaspace       used 19199K, committed 19520K, reserved 1114112K
  class space    used 2764K, committed 2880K, reserved 1048576K
}
Event: 16.637 GC heap after
{Heap after GC invocations=10 (full 0):
 garbage-first heap   total 269312K, used 100352K [0x0000000082c00000, 0x0000000100000000)
  region size 1024K, 18 young (18432K), 18 survivors (18432K)
 Metaspace       used 19199K, committed 19520K, reserved 1114112K
  class space    used 2764K, committed 2880K, reserved 1048576K
}
Event: 16.703 GC heap before
{Heap before GC invocations=10 (full 0):
 garbage-first heap   total 269312K, used 208896K [0x0000000082c00000, 0x0000000100000000)
  region size 1024K, 123 young (125952K), 18 survivors (18432K)
 Metaspace       used 19199K, committed 19520K, reserved 1114112K
  class space    used 2764K, committed 2880K, reserved 1048576K
}
Event: 16.715 GC heap after
{Heap after GC invocations=11 (full 0):
 garbage-first heap   total 269312K, used 120320K [0x0000000082c00000, 0x0000000100000000)
  region size 1024K, 16 young (16384K), 16 survivors (16384K)
 Metaspace       used 19199K, committed 19520K, reserved 1114112K
  class space    used 2764K, committed 2880K, reserved 1048576K
}
Event: 16.785 GC heap before
{Heap before GC invocations=11 (full 0):
 garbage-first heap   total 269312K, used 217600K [0x0000000082c00000, 0x0000000100000000)
  region size 1024K, 111 young (113664K), 16 survivors (16384K)
 Metaspace       used 19202K, committed 19520K, reserved 1114112K
  class space    used 2764K, committed 2880K, reserved 1048576K
}
Event: 16.806 GC heap after
{Heap after GC invocations=12 (full 0):
 garbage-first heap   total 278528K, used 164352K [0x0000000082c00000, 0x0000000100000000)
  region size 1024K, 14 young (14336K), 14 survivors (14336K)
 Metaspace       used 19202K, committed 19520K, reserved 1114112K
  class space    used 2764K, committed 2880K, reserved 1048576K
}
Event: 16.838 GC heap before
{Heap before GC invocations=12 (full 0):
 garbage-first heap   total 278528K, used 223744K [0x0000000082c00000, 0x0000000100000000)
  region size 1024K, 72 young (73728K), 14 survivors (14336K)
 Metaspace       used 19202K, committed 19520K, reserved 1114112K
  class space    used 2764K, committed 2880K, reserved 1048576K
}

