# JRE version: Java(TM) SE Runtime Environment (20.0.2+9) (build 20.0.2+9-78)
# Java VM: Java HotSpot(TM) 64-Bit Server VM (20.0.2+9-78, mixed mode, sharing, tiered, compressed oops, compressed class ptrs, g1 gc, windows-amd64)
GC Precious Log:
 CardTable entry size: 512
 Card Set container configuration: InlinePtr #cards 5 size 8 Array Of Cards #cards 12 size 40 Howl #buckets 4 coarsen threshold 1843 Howl Bitmap #cards 512 size 80 coarsen threshold 460 Card regions per heap region 1 cards per card region 2048
 CPUs: 8 total, 8 available
 Memory: 8014M
 Large Page Support: Disabled
 NUMA Support: Disabled
 Compressed Oops: Enabled (32-bit)
 Heap Region Size: 1M
 Heap Min Capacity: 8M
 Heap Initial Capacity: 126M
 Heap Max Capacity: 2004M
 Pre-touch: Disabled
 Parallel Workers: 8
 Concurrent Workers: 2
 Concurrent Refinement Workers: 8
 Periodic GC: Disabled
Heap:
 garbage-first heap   total 399360K, used 278528K [0x0000000082c00000, 0x0000000100000000)
  region size 1024K, 41 young (41984K), 5 survivors (5120K)
 Metaspace       used 21891K, committed 22400K, reserved 1114112K
  class space    used 3096K, committed 3328K, reserved 1048576K
GC Heap History (20 events):
Event: 34.558 GC heap before
{Heap before GC invocations=3 (full 0):
 garbage-first heap   total 129024K, used 88634K [0x0000000082c00000, 0x0000000100000000)
  region size 1024K, 71 young (72704K), 10 survivors (10240K)
 Metaspace       used 19325K, committed 19648K, reserved 1114112K
  class space    used 2772K, committed 2880K, reserved 1048576K
}
Event: 34.568 GC heap after
{Heap after GC invocations=4 (full 0):
 garbage-first heap   total 129024K, used 37621K [0x0000000082c00000, 0x0000000100000000)
  region size 1024K, 9 young (9216K), 9 survivors (9216K)
 Metaspace       used 19325K, committed 19648K, reserved 1114112K
  class space    used 2772K, committed 2880K, reserved 1048576K
}
Event: 34.613 GC heap before
{Heap before GC invocations=4 (full 0):
 garbage-first heap   total 129024K, used 93941K [0x0000000082c00000, 0x0000000100000000)
  region size 1024K, 64 young (65536K), 9 survivors (9216K)
 Metaspace       used 19325K, committed 19648K, reserved 1114112K
  class space    used 2772K, committed 2880K, reserved 1048576K
}
Event: 34.621 GC heap after
{Heap after GC invocations=5 (full 0):
 garbage-first heap   total 129024K, used 48911K [0x0000000082c00000, 0x0000000100000000)
  region size 1024K, 8 young (8192K), 8 survivors (8192K)
 Metaspace       used 19325K, committed 19648K, reserved 1114112K
  class space    used 2772K, committed 2880K, reserved 1048576K
}
Event: 34.676 GC heap before
{Heap before GC invocations=5 (full 0):
 garbage-first heap   total 129024K, used 101135K [0x0000000082c00000, 0x0000000100000000)
  region size 1024K, 59 young (60416K), 8 survivors (8192K)
 Metaspace       used 19325K, committed 19648K, reserved 1114112K
  class space    used 2772K, committed 2880K, reserved 1048576K
}
Event: 34.682 GC heap after
{Heap after GC invocations=6 (full 0):
 garbage-first heap   total 129024K, used 59392K [0x0000000082c00000, 0x0000000100000000)
  region size 1024K, 8 young (8192K), 8 survivors (8192K)
 Metaspace       used 19325K, committed 19648K, reserved 1114112K
  class space    used 2772K, committed 2880K, reserved 1048576K
}
Event: 34.715 GC heap before
{Heap before GC invocations=6 (full 0):
 garbage-first heap   total 129024K, used 106496K [0x0000000082c00000, 0x0000000100000000)
  region size 1024K, 54 young (55296K), 8 survivors (8192K)
 Metaspace       used 19330K, committed 19648K, reserved 1114112K
  class space    used 2772K, committed 2880K, reserved 1048576K
}
Event: 34.720 GC heap after
{Heap after GC invocations=7 (full 0):
 garbage-first heap   total 129024K, used 68919K [0x0000000082c00000, 0x0000000100000000)
  region size 1024K, 7 young (7168K), 7 survivors (7168K)
 Metaspace       used 19330K, committed 19648K, reserved 1114112K
  class space    used 2772K, committed 2880K, reserved 1048576K
}
Event: 34.747 GC heap before
{Heap before GC invocations=7 (full 0):
 garbage-first heap   total 129024K, used 109879K [0x0000000082c00000, 0x0000000100000000)
  region size 1024K, 47 young (48128K), 7 survivors (7168K)
 Metaspace       used 19330K, committed 19648K, reserved 1114112K
  class space    used 2772K, committed 2880K, reserved 1048576K
}
Event: 34.754 GC heap after
{Heap after GC invocations=8 (full 0):
 garbage-first heap   total 261120K, used 78433K [0x0000000082c00000, 0x0000000100000000)
  region size 1024K, 6 young (6144K), 6 survivors (6144K)
 Metaspace       used 19330K, committed 19648K, reserved 1114112K
  class space    used 2772K, committed 2880K, reserved 1048576K
}
Event: 34.895 GC heap before
{Heap before GC invocations=9 (full 0):
 garbage-first heap   total 261120K, used 206433K [0x0000000082c00000, 0x0000000100000000)
  region size 1024K, 131 young (134144K), 6 survivors (6144K)
 Metaspace       used 19346K, committed 19648K, reserved 1114112K
  class space    used 2772K, committed 2880K, reserved 1048576K
}
Event: 34.905 GC heap after
{Heap after GC invocations=10 (full 0):
 garbage-first heap   total 261120K, used 102400K [0x0000000082c00000, 0x0000000100000000)
  region size 1024K, 17 young (17408K), 17 survivors (17408K)
 Metaspace       used 19346K, committed 19648K, reserved 1114112K
  class space    used 2772K, committed 2880K, reserved 1048576K
}
Event: 34.972 GC heap before
{Heap before GC invocations=10 (full 0):
 garbage-first heap   total 261120K, used 205824K [0x0000000082c00000, 0x0000000100000000)
  region size 1024K, 117 young (119808K), 17 survivors (17408K)
 Metaspace       used 19346K, committed 19648K, reserved 1114112K
  class space    used 2772K, committed 2880K, reserved 1048576K
}
Event: 34.983 GC heap after
{Heap after GC invocations=11 (full 0):
 garbage-first heap   total 261120K, used 120832K [0x0000000082c00000, 0x0000000100000000)
  region size 1024K, 15 young (15360K), 15 survivors (15360K)
 Metaspace       used 19346K, committed 19648K, reserved 1114112K
  class space    used 2772K, committed 2880K, reserved 1048576K
}
Event: 35.054 GC heap before
{Heap before GC invocations=11 (full 0):
 garbage-first heap   total 261120K, used 214016K [0x0000000082c00000, 0x0000000100000000)
  region size 1024K, 106 young (108544K), 15 survivors (15360K)
 Metaspace       used 19348K, committed 19648K, reserved 1114112K
  class space    used 2772K, committed 2880K, reserved 1048576K
}
Event: 35.074 GC heap after
{Heap after GC invocations=12 (full 0):
 garbage-first heap   total 266240K, used 157184K [0x0000000082c00000, 0x0000000100000000)
  region size 1024K, 14 young (14336K), 14 survivors (14336K)
 Metaspace       used 19348K, committed 19648K, reserved 1114112K
  class space    used 2772K, committed 2880K, reserved 1048576K
}
Event: 35.114 GC heap before
{Heap before GC invocations=12 (full 0):
 garbage-first heap   total 266240K, used 218624K [0x0000000082c00000, 0x0000000100000000)
  region size 1024K, 74 young (75776K), 14 survivors (14336K)
 Metaspace       used 19348K, committed 19648K, reserved 1114112K
  class space    used 2772K, committed 2880K, reserved 1048576K
}
Event: 35.150 GC heap after
{Heap after GC invocations=13 (full 0):
 garbage-first heap   total 292864K, used 217088K [0x0000000082c00000, 0x0000000100000000)
  region size 1024K, 10 young (10240K), 10 survivors (10240K)
 Metaspace       used 19348K, committed 19648K, reserved 1114112K
  class space    used 2772K, committed 2880K, reserved 1048576K
}
Event: 35.895 GC heap before
{Heap before GC invocations=14 (full 0):
 garbage-first heap   total 399360K, used 244736K [0x0000000082c00000, 0x0000000100000000)
  region size 1024K, 37 young (37888K), 10 survivors (10240K)
 Metaspace       used 20539K, committed 20992K, reserved 1114112K
  class space    used 2982K, committed 3200K, reserved 1048576K
}
Event: 35.907 GC heap after
{Heap after GC invocations=15 (full 0):
 garbage-first heap   total 399360K, used 238592K [0x0000000082c00000, 0x0000000100000000)
  region size 1024K, 5 young (5120K), 5 survivors (5120K)
 Metaspace       used 20539K, committed 20992K, reserved 1114112K
  class space    used 2982K, committed 3200K, reserved 1048576K
}

