# JRE version: Java(TM) SE Runtime Environment (20.0.2+9) (build 20.0.2+9-78)
# Java VM: Java HotSpot(TM) 64-Bit Server VM (20.0.2+9-78, mixed mode, sharing, tiered, compressed oops, compressed class ptrs, g1 gc, windows-amd64)
GC Precious Log:
 CardTable entry size: 512
 Card Set container configuration: InlinePtr #cards 5 size 8 Array Of Cards #cards 12 size 40 Howl #buckets 4 coarsen threshold 1843 Howl Bitmap #cards 512 size 80 coarsen threshold 460 Card regions per heap region 1 cards per card region 2048
 CPUs: 8 total, 8 available
 Memory: 8014M
 Large Page Support: Disabled
 NUMA Support: Disabled
 Compressed Oops: Enabled (32-bit)
 Heap Region Size: 1M
 Heap Min Capacity: 8M
 Heap Initial Capacity: 126M
 Heap Max Capacity: 2004M
 Pre-touch: Disabled
 Parallel Workers: 8
 Concurrent Workers: 2
 Concurrent Refinement Workers: 8
 Periodic GC: Disabled
Heap:
 garbage-first heap   total 396288K, used 238592K [0x0000000082c00000, 0x0000000100000000)
  region size 1024K, 7 young (7168K), 5 survivors (5120K)
 Metaspace       used 20467K, committed 20928K, reserved 1114112K
  class space    used 2969K, committed 3200K, reserved 1048576K
GC Heap History (20 events):
Event: 17.645 GC heap before
{Heap before GC invocations=3 (full 0):
 garbage-first heap   total 129024K, used 91400K [0x0000000082c00000, 0x0000000100000000)
  region size 1024K, 74 young (75776K), 8 survivors (8192K)
 Metaspace       used 19258K, committed 19520K, reserved 1114112K
  class space    used 2759K, committed 2880K, reserved 1048576K
}
Event: 17.655 GC heap after
{Heap after GC invocations=4 (full 0):
 garbage-first heap   total 129024K, used 35840K [0x0000000082c00000, 0x0000000100000000)
  region size 1024K, 10 young (10240K), 10 survivors (10240K)
 Metaspace       used 19258K, committed 19520K, reserved 1114112K
  class space    used 2759K, committed 2880K, reserved 1048576K
}
Event: 17.728 GC heap before
{Heap before GC invocations=4 (full 0):
 garbage-first heap   total 129024K, used 95232K [0x0000000082c00000, 0x0000000100000000)
  region size 1024K, 68 young (69632K), 10 survivors (10240K)
 Metaspace       used 19258K, committed 19520K, reserved 1114112K
  class space    used 2759K, committed 2880K, reserved 1048576K
}
Event: 17.737 GC heap after
{Heap after GC invocations=5 (full 0):
 garbage-first heap   total 129024K, used 47104K [0x0000000082c00000, 0x0000000100000000)
  region size 1024K, 9 young (9216K), 9 survivors (9216K)
 Metaspace       used 19258K, committed 19520K, reserved 1114112K
  class space    used 2759K, committed 2880K, reserved 1048576K
}
Event: 17.784 GC heap before
{Heap before GC invocations=5 (full 0):
 garbage-first heap   total 129024K, used 101376K [0x0000000082c00000, 0x0000000100000000)
  region size 1024K, 62 young (63488K), 9 survivors (9216K)
 Metaspace       used 19258K, committed 19520K, reserved 1114112K
  class space    used 2759K, committed 2880K, reserved 1048576K
}
Event: 17.792 GC heap after
{Heap after GC invocations=6 (full 0):
 garbage-first heap   total 129024K, used 57344K [0x0000000082c00000, 0x0000000100000000)
  region size 1024K, 8 young (8192K), 8 survivors (8192K)
 Metaspace       used 19258K, committed 19520K, reserved 1114112K
  class space    used 2759K, committed 2880K, reserved 1048576K
}
Event: 17.847 GC heap before
{Heap before GC invocations=6 (full 0):
 garbage-first heap   total 129024K, used 105472K [0x0000000082c00000, 0x0000000100000000)
  region size 1024K, 55 young (56320K), 8 survivors (8192K)
 Metaspace       used 19262K, committed 19520K, reserved 1114112K
  class space    used 2759K, committed 2880K, reserved 1048576K
}
Event: 17.854 GC heap after
{Heap after GC invocations=7 (full 0):
 garbage-first heap   total 129024K, used 66898K [0x0000000082c00000, 0x0000000100000000)
  region size 1024K, 7 young (7168K), 7 survivors (7168K)
 Metaspace       used 19262K, committed 19520K, reserved 1114112K
  class space    used 2759K, committed 2880K, reserved 1048576K
}
Event: 17.883 GC heap before
{Heap before GC invocations=7 (full 0):
 garbage-first heap   total 129024K, used 108882K [0x0000000082c00000, 0x0000000100000000)
  region size 1024K, 48 young (49152K), 7 survivors (7168K)
 Metaspace       used 19262K, committed 19520K, reserved 1114112K
  class space    used 2759K, committed 2880K, reserved 1048576K
}
Event: 17.889 GC heap after
{Heap after GC invocations=8 (full 0):
 garbage-first heap   total 258048K, used 75264K [0x0000000082c00000, 0x0000000100000000)
  region size 1024K, 6 young (6144K), 6 survivors (6144K)
 Metaspace       used 19262K, committed 19520K, reserved 1114112K
  class space    used 2759K, committed 2880K, reserved 1048576K
}
Event: 18.018 GC heap before
{Heap before GC invocations=9 (full 0):
 garbage-first heap   total 258048K, used 204288K [0x0000000082c00000, 0x0000000100000000)
  region size 1024K, 132 young (135168K), 6 survivors (6144K)
 Metaspace       used 19278K, committed 19584K, reserved 1114112K
  class space    used 2759K, committed 2880K, reserved 1048576K
}
Event: 18.028 GC heap after
{Heap after GC invocations=10 (full 0):
 garbage-first heap   total 258048K, used 99618K [0x0000000082c00000, 0x0000000100000000)
  region size 1024K, 17 young (17408K), 17 survivors (17408K)
 Metaspace       used 19278K, committed 19584K, reserved 1114112K
  class space    used 2759K, committed 2880K, reserved 1048576K
}
Event: 18.091 GC heap before
{Heap before GC invocations=10 (full 0):
 garbage-first heap   total 258048K, used 202018K [0x0000000082c00000, 0x0000000100000000)
  region size 1024K, 116 young (118784K), 17 survivors (17408K)
 Metaspace       used 19278K, committed 19584K, reserved 1114112K
  class space    used 2759K, committed 2880K, reserved 1048576K
}
Event: 18.102 GC heap after
{Heap after GC invocations=11 (full 0):
 garbage-first heap   total 258048K, used 118784K [0x0000000082c00000, 0x0000000100000000)
  region size 1024K, 15 young (15360K), 15 survivors (15360K)
 Metaspace       used 19278K, committed 19584K, reserved 1114112K
  class space    used 2759K, committed 2880K, reserved 1048576K
}
Event: 18.173 GC heap before
{Heap before GC invocations=11 (full 0):
 garbage-first heap   total 258048K, used 210944K [0x0000000082c00000, 0x0000000100000000)
  region size 1024K, 105 young (107520K), 15 survivors (15360K)
 Metaspace       used 19281K, committed 19648K, reserved 1114112K
  class space    used 2759K, committed 2880K, reserved 1048576K
}
Event: 18.190 GC heap after
{Heap after GC invocations=12 (full 0):
 garbage-first heap   total 259072K, used 151552K [0x0000000082c00000, 0x0000000100000000)
  region size 1024K, 14 young (14336K), 14 survivors (14336K)
 Metaspace       used 19281K, committed 19648K, reserved 1114112K
  class space    used 2759K, committed 2880K, reserved 1048576K
}
Event: 18.235 GC heap before
{Heap before GC invocations=12 (full 0):
 garbage-first heap   total 259072K, used 214016K [0x0000000082c00000, 0x0000000100000000)
  region size 1024K, 75 young (76800K), 14 survivors (14336K)
 Metaspace       used 19281K, committed 19648K, reserved 1114112K
  class space    used 2759K, committed 2880K, reserved 1048576K
}
Event: 18.273 GC heap after
{Heap after GC invocations=13 (full 0):
 garbage-first heap   total 288768K, used 211968K [0x0000000082c00000, 0x0000000100000000)
  region size 1024K, 10 young (10240K), 10 survivors (10240K)
 Metaspace       used 19281K, committed 19648K, reserved 1114112K
  class space    used 2759K, committed 2880K, reserved 1048576K
}
Event: 18.429 GC heap before
{Heap before GC invocations=14 (full 0):
 garbage-first heap   total 396288K, used 240640K [0x0000000082c00000, 0x0000000100000000)
  region size 1024K, 38 young (38912K), 10 survivors (10240K)
 Metaspace       used 20174K, committed 20672K, reserved 1114112K
  class space    used 2945K, committed 3200K, reserved 1048576K
}
Event: 18.443 GC heap after
{Heap after GC invocations=15 (full 0):
 garbage-first heap   total 396288K, used 237568K [0x0000000082c00000, 0x0000000100000000)
  region size 1024K, 5 young (5120K), 5 survivors (5120K)
 Metaspace       used 20174K, committed 20672K, reserved 1114112K
  class space    used 2945K, committed 3200K, reserved 1048576K
}

